# JRE version: OpenJDK Runtime Environment (14.0.2+12) (build 14.0.2+12)
# Java VM: OpenJDK 64-Bit Server VM (14.0.2+12, mixed mode, tiered, compressed oops, g1 gc, linux-amd64)
Heap:
 garbage-first heap   total 324608K, used 76113K [0x0000000085600000, 0x0000000100000000)
  region size 1024K, 44 young (45056K), 15 survivors (15360K)
 Metaspace       used 64247K, capacity 80159K, committed 80384K, reserved 1110016K
  class space    used 13861K, capacity 19142K, committed 19200K, reserved 1048576K
GC Heap History (20 events):
Event: 48.882 GC heap before
{Heap before GC invocations=46 (full 0):
 garbage-first heap   total 155648K, used 122284K [0x0000000085600000, 0x0000000100000000)
  region size 1024K, 91 young (93184K), 4 survivors (4096K)
 Metaspace       used 51538K, capacity 59933K, committed 60288K, reserved 1095680K
  class space    used 10403K, capacity 13359K, committed 13440K, reserved 1048576K
}
Event: 48.887 GC heap after
{Heap after GC invocations=47 (full 0):
 garbage-first heap   total 155648K, used 33701K [0x0000000085600000, 0x0000000100000000)
  region size 1024K, 5 young (5120K), 5 survivors (5120K)
 Metaspace       used 51538K, capacity 59933K, committed 60288K, reserved 1095680K
  class space    used 10403K, capacity 13359K, committed 13440K, reserved 1048576K
}
Event: 49.129 GC heap before
{Heap before GC invocations=47 (full 0):
 garbage-first heap   total 155648K, used 121765K [0x0000000085600000, 0x0000000100000000)
  region size 1024K, 91 young (93184K), 5 survivors (5120K)
 Metaspace       used 51868K, capacity 60401K, committed 60672K, reserved 1095680K
  class space    used 10508K, capacity 13507K, committed 13568K, reserved 1048576K
}
Event: 49.136 GC heap after
{Heap after GC invocations=48 (full 0):
 garbage-first heap   total 155648K, used 35135K [0x0000000085600000, 0x0000000100000000)
  region size 1024K, 6 young (6144K), 6 survivors (6144K)
 Metaspace       used 51868K, capacity 60401K, committed 60672K, reserved 1095680K
  class space    used 10508K, capacity 13507K, committed 13568K, reserved 1048576K
}
Event: 49.283 GC heap before
{Heap before GC invocations=48 (full 0):
 garbage-first heap   total 155648K, used 122175K [0x0000000085600000, 0x0000000100000000)
  region size 1024K, 91 young (93184K), 6 survivors (6144K)
 Metaspace       used 51904K, capacity 60545K, committed 60672K, reserved 1095680K
  class space    used 10508K, capacity 13507K, committed 13568K, reserved 1048576K
}
Event: 49.291 GC heap after
{Heap after GC invocations=49 (full 0):
 garbage-first heap   total 229376K, used 36179K [0x0000000085600000, 0x0000000100000000)
  region size 1024K, 7 young (7168K), 7 survivors (7168K)
 Metaspace       used 51904K, capacity 60545K, committed 60672K, reserved 1095680K
  class space    used 10508K, capacity 13507K, committed 13568K, reserved 1048576K
}
Event: 49.673 GC heap before
{Heap before GC invocations=49 (full 0):
 garbage-first heap   total 229376K, used 166227K [0x0000000085600000, 0x0000000100000000)
  region size 1024K, 134 young (137216K), 7 survivors (7168K)
 Metaspace       used 52341K, capacity 61317K, committed 61440K, reserved 1097728K
  class space    used 10654K, capacity 13751K, committed 13824K, reserved 1048576K
}
Event: 49.682 GC heap after
{Heap after GC invocations=50 (full 0):
 garbage-first heap   total 229376K, used 37897K [0x0000000085600000, 0x0000000100000000)
  region size 1024K, 7 young (7168K), 7 survivors (7168K)
 Metaspace       used 52341K, capacity 61317K, committed 61440K, reserved 1097728K
  class space    used 10654K, capacity 13751K, committed 13824K, reserved 1048576K
}
Event: 50.091 GC heap before
{Heap before GC invocations=50 (full 0):
 garbage-first heap   total 229376K, used 167945K [0x0000000085600000, 0x0000000100000000)
  region size 1024K, 134 young (137216K), 7 survivors (7168K)
 Metaspace       used 53248K, capacity 63037K, committed 63232K, reserved 1097728K
  class space    used 10948K, capacity 14271K, committed 14336K, reserved 1048576K
}
Event: 50.100 GC heap after
{Heap after GC invocations=51 (full 0):
 garbage-first heap   total 229376K, used 38923K [0x0000000085600000, 0x0000000100000000)
  region size 1024K, 7 young (7168K), 7 survivors (7168K)
 Metaspace       used 53248K, capacity 63037K, committed 63232K, reserved 1097728K
  class space    used 10948K, capacity 14271K, committed 14336K, reserved 1048576K
}
Event: 50.640 GC heap before
{Heap before GC invocations=51 (full 0):
 garbage-first heap   total 229376K, used 168971K [0x0000000085600000, 0x0000000100000000)
  region size 1024K, 134 young (137216K), 7 survivors (7168K)
 Metaspace       used 54773K, capacity 65097K, committed 65280K, reserved 1099776K
  class space    used 11335K, capacity 14807K, committed 14848K, reserved 1048576K
}
Event: 50.649 GC heap after
{Heap after GC invocations=52 (full 0):
 garbage-first heap   total 229376K, used 40339K [0x0000000085600000, 0x0000000100000000)
  region size 1024K, 8 young (8192K), 8 survivors (8192K)
 Metaspace       used 54773K, capacity 65097K, committed 65280K, reserved 1099776K
  class space    used 11335K, capacity 14807K, committed 14848K, reserved 1048576K
}
Event: 51.202 GC heap before
{Heap before GC invocations=52 (full 0):
 garbage-first heap   total 229376K, used 169363K [0x0000000085600000, 0x0000000100000000)
  region size 1024K, 134 young (137216K), 8 survivors (8192K)
 Metaspace       used 56143K, capacity 67153K, committed 67456K, reserved 1101824K
  class space    used 11714K, capacity 15395K, committed 15488K, reserved 1048576K
}
Event: 51.213 GC heap after
{Heap after GC invocations=53 (full 0):
 garbage-first heap   total 324608K, used 41509K [0x0000000085600000, 0x0000000100000000)
  region size 1024K, 9 young (9216K), 9 survivors (9216K)
 Metaspace       used 56143K, capacity 67153K, committed 67456K, reserved 1101824K
  class space    used 11714K, capacity 15395K, committed 15488K, reserved 1048576K
}
Event: 51.801 GC heap before
{Heap before GC invocations=53 (full 0):
 garbage-first heap   total 324608K, used 226853K [0x0000000085600000, 0x0000000100000000)
  region size 1024K, 190 young (194560K), 9 survivors (9216K)
 Metaspace       used 57150K, capacity 68837K, committed 69120K, reserved 1101824K
  class space    used 11982K, capacity 15795K, committed 15872K, reserved 1048576K
}
Event: 51.813 GC heap after
{Heap after GC invocations=54 (full 0):
 garbage-first heap   total 324608K, used 42629K [0x0000000085600000, 0x0000000100000000)
  region size 1024K, 10 young (10240K), 10 survivors (10240K)
 Metaspace       used 57150K, capacity 68837K, committed 69120K, reserved 1101824K
  class space    used 11982K, capacity 15795K, committed 15872K, reserved 1048576K
}
Event: 52.665 GC heap before
{Heap before GC invocations=54 (full 0):
 garbage-first heap   total 324608K, used 226949K [0x0000000085600000, 0x0000000100000000)
  region size 1024K, 190 young (194560K), 10 survivors (10240K)
 Metaspace       used 59354K, capacity 73294K, committed 73344K, reserved 1105920K
  class space    used 12638K, capacity 17251K, committed 17280K, reserved 1048576K
}
Event: 52.679 GC heap after
{Heap after GC invocations=55 (full 0):
 garbage-first heap   total 324608K, used 45253K [0x0000000085600000, 0x0000000100000000)
  region size 1024K, 13 young (13312K), 13 survivors (13312K)
 Metaspace       used 59354K, capacity 73294K, committed 73344K, reserved 1105920K
  class space    used 12638K, capacity 17251K, committed 17280K, reserved 1048576K
}
Event: 54.100 GC heap before
{Heap before GC invocations=55 (full 0):
 garbage-first heap   total 324608K, used 226501K [0x0000000085600000, 0x0000000100000000)
  region size 1024K, 190 young (194560K), 13 survivors (13312K)
 Metaspace       used 63635K, capacity 79334K, committed 79488K, reserved 1110016K
  class space    used 13746K, capacity 18955K, committed 19072K, reserved 1048576K
}
Event: 54.117 GC heap after
{Heap after GC invocations=56 (full 0):
 garbage-first heap   total 324608K, used 47441K [0x0000000085600000, 0x0000000100000000)
  region size 1024K, 15 young (15360K), 15 survivors (15360K)
 Metaspace       used 63635K, capacity 79334K, committed 79488K, reserved 1110016K
  class space    used 13746K, capacity 18955K, committed 19072K, reserved 1048576K
}

